<?xml version="1.0" encoding="UTF-8"?>
<testsuite xmlns:xsi="http://www.w3.org/2001/XMLSchema-instance" xsi:noNamespaceSchemaLocation="https://maven.apache.org/surefire/maven-surefire-plugin/xsd/surefire-test-report.xsd" name="runners.TestRunner" time="3.481" tests="3" errors="3" skipped="0" failures="0">
  <properties>
[...]
</properties>
  <testcase name="the Authorized user can Add and Remove a book." classname="End to End Tests for ToolsQA&apos;s Book Store API" time="2.97">
    <error message="Certificate for &lt;bookstore.toolsqa.com&gt; doesn&apos;t match any of the subject alternative names: [www.bookstore.toolsqa.com]" type="javax.net.ssl.SSLException"><![CDATA[javax.net.ssl.SSLException: Certificate for <bookstore.toolsqa.com> doesn't match any of the subject alternative names: [www.bookstore.toolsqa.com]
]]></error>
  </testcase>
  <testcase name="the Authorized user can Add and Remove a book." classname="End to End Tests for ToolsQA&apos;s Book Store API" time="2.971">
    <error message="The step &quot;the book is added&quot; is undefined. You can implement it using tne snippet(s) below:&#10;&#10;@Then(&quot;the book is added&quot;)&#10;public void the_book_is_added() {&#10;    // Write code here that turns the phrase above into concrete actions&#10;    throw new io.cucumber.java.PendingException();&#10;}&#10;&#10;Some other steps were also undefined:&#10;&#10;@Then(&quot;the book is removed&quot;)&#10;public void the_book_is_removed() {&#10;    // Write code here that turns the phrase above into concrete actions&#10;    throw new io.cucumber.java.PendingException();&#10;}&#10;" type="io.cucumber.junit.UndefinedStepException">io.cucumber.junit.UndefinedStepException: 
The step "the book is added" is undefined. You can implement it using tne snippet(s) below:

@Then("the book is added")
public void the_book_is_added() {
    // Write code here that turns the phrase above into concrete actions
    throw new io.cucumber.java.PendingException();
}

Some other steps were also undefined:

@Then("the book is removed")
public void the_book_is_removed() {
    // Write code here that turns the phrase above into concrete actions
    throw new io.cucumber.java.PendingException();
}

</error>
  </testcase>
  <testcase name="the Authorized user can Add and Remove a book." classname="End to End Tests for ToolsQA&apos;s Book Store API" time="2.972">
    <error message="The step &quot;the book is removed&quot; is undefined. You can implement it using tne snippet(s) below:&#10;&#10;@Then(&quot;the book is removed&quot;)&#10;public void the_book_is_removed() {&#10;    // Write code here that turns the phrase above into concrete actions&#10;    throw new io.cucumber.java.PendingException();&#10;}" type="io.cucumber.junit.UndefinedStepException">io.cucumber.junit.UndefinedStepException: 
The step "the book is removed" is undefined. You can implement it using tne snippet(s) below:

@Then("the book is removed")
public void the_book_is_removed() {
    // Write code here that turns the phrase above into concrete actions
    throw new io.cucumber.java.PendingException();
}
</error>
  </testcase>
</testsuite>